<?xml version="1.0" encoding="UTF-8"?>
<!-- Generated by org.testng.reporters.JUnitXMLReporter -->
<testsuite ignored="1" hostname="DESKTOP-SPGSS40" failures="0" tests="1" name="Surefire test" time="0.033" errors="0" timestamp="2026-06-15T12:06:57 EDT">
  <testcase classname="SampleTestNGTest" name="shouldSortArrayListInAscendingOrder" time="0.009"/>
  <testcase classname="SampleTestNGTest" name="shouldDetectNonEmptyName" time="0.0">
    <ignored/>
  </testcase> <!-- shouldDetectNonEmptyName -->
</testsuite> <!-- Surefire test -->
