<?xml version="1.0" encoding="UTF-8"?>
<testng-results ignored="0" total="1" passed="1" failed="0" skipped="0">
  <reporter-output>
  </reporter-output>
  <suite started-at="2026-06-15T11:38:15 EDT" name="Surefire suite" finished-at="2026-06-15T11:38:15 EDT" duration-ms="28">
    <groups>
    </groups>
    <test started-at="2026-06-15T11:38:15 EDT" name="Surefire test" finished-at="2026-06-15T11:38:15 EDT" duration-ms="28">
      <class name="SampleTestNGTest">
        <test-method signature="shouldAddTwoNumbers()[pri:0, instance:SampleTestNGTest@3c153a1]" started-at="2026-06-15T11:38:15 EDT" name="shouldAddTwoNumbers" finished-at="2026-06-15T11:38:15 EDT" duration-ms="5" status="PASS">
          <reporter-output>
          </reporter-output>
        </test-method> <!-- shouldAddTwoNumbers -->
      </class> <!-- SampleTestNGTest -->
    </test> <!-- Surefire test -->
  </suite> <!-- Surefire suite -->
</testng-results>
