<?xml version="1.0" encoding="UTF-8"?>
<testng-results ignored="0" total="1" passed="1" failed="0" skipped="0">
  <reporter-output>
  </reporter-output>
  <suite started-at="2026-06-15T12:06:57 EDT" name="Surefire suite" finished-at="2026-06-15T12:06:57 EDT" duration-ms="33">
    <groups>
    </groups>
    <test started-at="2026-06-15T12:06:57 EDT" name="Surefire test" finished-at="2026-06-15T12:06:57 EDT" duration-ms="33">
      <class name="SampleTestNGTest">
        <test-method signature="shouldSortArrayListInAscendingOrder()[pri:0, instance:SampleTestNGTest@3c153a1]" started-at="2026-06-15T12:06:57 EDT" name="shouldSortArrayListInAscendingOrder" finished-at="2026-06-15T12:06:57 EDT" duration-ms="9" status="PASS">
          <reporter-output>
          </reporter-output>
        </test-method> <!-- shouldSortArrayListInAscendingOrder -->
      </class> <!-- SampleTestNGTest -->
    </test> <!-- Surefire test -->
  </suite> <!-- Surefire suite -->
</testng-results>
