<?xml version="1.0" encoding="UTF-8"?>
<!-- Generated by org.testng.reporters.JUnitReportReporter -->
<testsuite hostname="DESKTOP-SPGSS40" failures="0" tests="2" name="SampleTestNGTest" time="0.005" errors="0" timestamp="2026-06-15T11:38:15 EDT" skipped="1">
  <testcase classname="SampleTestNGTest" name="shouldAddTwoNumbers" time="0.005"/>
  <testcase classname="SampleTestNGTest" name="shouldDetectNonEmptyName">
    <skipped/>
  </testcase> <!-- shouldDetectNonEmptyName -->
</testsuite> <!-- SampleTestNGTest -->
